2016-01-10 21:27:02,213 [Worker-2] INFO  o.e.m.c.i.p.ProjectConfigurationManager - Collecting project info '/pom.xml' C:\Users\JAT\Desktop\Git\MVCSwingCalculator\Calculator\pom.xml
2016-01-10 21:27:08,742 [Worker-2] INFO  o.e.m.c.i.l.LifecycleMappingFactory - Using org.eclipse.m2e.jdt.JarLifecycleMapping lifecycle mapping for MavenProject: MVC:Calculator:0.0.1-SNAPSHOT @ C:\Users\JAT\Desktop\Git\MVCSwingCalculator\Calculator\pom.xml.
2016-01-10 21:27:10,335 [Worker-6] INFO  o.e.m.c.i.l.LifecycleMappingFactory - Using org.eclipse.m2e.jdt.JarLifecycleMapping lifecycle mapping for MavenProject: MVC:Calculator:0.0.1-SNAPSHOT @ C:\Users\JAT\Desktop\Git\MVCSwingCalculator\Calculator\pom.xml.
2016-01-10 21:27:10,849 [Worker-2] INFO  o.e.m.j.i.AbstractJavaProjectConfigurator - Adding source folder /Calculator/src/main/java
2016-01-10 21:27:10,849 [Worker-2] INFO  o.e.m.j.i.AbstractJavaProjectConfigurator - Adding source folder /Calculator/src/test/java
2016-01-10 21:27:13,387 [Worker-2] INFO  o.e.m.c.i.p.ProjectConfigurationManager - Imported and configured 1 project(s) in 11 sec
2016-01-10 21:27:14,494 [Worker-3] INFO  o.e.m.c.i.l.LifecycleMappingFactory - Using org.eclipse.m2e.jdt.JarLifecycleMapping lifecycle mapping for MavenProject: MVC:Calculator:0.0.1-SNAPSHOT @ C:\Users\JAT\Desktop\Git\MVCSwingCalculator\Calculator\pom.xml.
2016-01-10 21:27:14,650 [Worker-3] INFO  o.e.m.c.i.embedder.EclipseLogger - Using 'UTF-8' encoding to copy filtered resources.
2016-01-10 21:27:14,650 [Worker-3] INFO  o.e.m.c.i.embedder.EclipseLogger - skip non existing resourceDirectory C:\Users\JAT\Desktop\Git\MVCSwingCalculator\Calculator\src\main\resources
2016-01-10 21:27:14,650 [Worker-3] INFO  o.e.m.c.i.embedder.EclipseLogger - Using 'UTF-8' encoding to copy filtered resources.
2016-01-10 21:27:14,650 [Worker-3] INFO  o.e.m.c.i.embedder.EclipseLogger - skip non existing resourceDirectory C:\Users\JAT\Desktop\Git\MVCSwingCalculator\Calculator\src\test\resources
2016-01-10 21:27:23,261 [Worker-5] INFO  o.e.m.c.i.embedder.EclipseLogger - Using 'UTF-8' encoding to copy filtered resources.
2016-01-10 21:27:23,261 [Worker-5] INFO  o.e.m.c.i.embedder.EclipseLogger - skip non existing resourceDirectory C:\Users\JAT\Desktop\Git\MVCSwingCalculator\Calculator\src\main\resources
2016-01-10 21:27:23,261 [Worker-5] INFO  o.e.m.c.i.embedder.EclipseLogger - Using 'UTF-8' encoding to copy filtered resources.
2016-01-10 21:27:23,261 [Worker-5] INFO  o.e.m.c.i.embedder.EclipseLogger - skip non existing resourceDirectory C:\Users\JAT\Desktop\Git\MVCSwingCalculator\Calculator\src\test\resources
2016-01-10 21:29:27,710 [Worker-7] INFO  o.e.m.c.i.embedder.EclipseLogger - Using 'UTF-8' encoding to copy filtered resources.
2016-01-10 21:29:27,710 [Worker-7] INFO  o.e.m.c.i.embedder.EclipseLogger - skip non existing resourceDirectory C:\Users\JAT\Desktop\Git\MVCSwingCalculator\Calculator\src\main\resources
2016-01-10 21:29:27,710 [Worker-7] INFO  o.e.m.c.i.embedder.EclipseLogger - Using 'UTF-8' encoding to copy filtered resources.
2016-01-10 21:29:27,710 [Worker-7] INFO  o.e.m.c.i.embedder.EclipseLogger - skip non existing resourceDirectory C:\Users\JAT\Desktop\Git\MVCSwingCalculator\Calculator\src\test\resources
2016-01-10 21:29:37,743 [Worker-8] INFO  o.e.m.c.i.embedder.EclipseLogger - Using 'UTF-8' encoding to copy filtered resources.
2016-01-10 21:29:37,743 [Worker-8] INFO  o.e.m.c.i.embedder.EclipseLogger - skip non existing resourceDirectory C:\Users\JAT\Desktop\Git\MVCSwingCalculator\Calculator\src\main\resources
2016-01-10 21:29:37,743 [Worker-8] INFO  o.e.m.c.i.embedder.EclipseLogger - Using 'UTF-8' encoding to copy filtered resources.
2016-01-10 21:29:37,743 [Worker-8] INFO  o.e.m.c.i.embedder.EclipseLogger - skip non existing resourceDirectory C:\Users\JAT\Desktop\Git\MVCSwingCalculator\Calculator\src\test\resources
2016-01-10 21:29:48,048 [Worker-7] INFO  o.e.m.c.i.embedder.EclipseLogger - Using 'UTF-8' encoding to copy filtered resources.
2016-01-10 21:29:48,048 [Worker-7] INFO  o.e.m.c.i.embedder.EclipseLogger - skip non existing resourceDirectory C:\Users\JAT\Desktop\Git\MVCSwingCalculator\Calculator\src\main\resources
2016-01-10 21:29:48,048 [Worker-7] INFO  o.e.m.c.i.embedder.EclipseLogger - Using 'UTF-8' encoding to copy filtered resources.
2016-01-10 21:29:48,048 [Worker-7] INFO  o.e.m.c.i.embedder.EclipseLogger - skip non existing resourceDirectory C:\Users\JAT\Desktop\Git\MVCSwingCalculator\Calculator\src\test\resources
2016-01-10 22:31:24,962 [Worker-23] INFO  o.e.m.c.i.embedder.EclipseLogger - Using 'UTF-8' encoding to copy filtered resources.
2016-01-10 22:31:24,963 [Worker-23] INFO  o.e.m.c.i.embedder.EclipseLogger - skip non existing resourceDirectory C:\Users\JAT\Desktop\Git\MVCSwingCalculator\Calculator\src\main\resources
2016-01-10 22:31:24,966 [Worker-23] INFO  o.e.m.c.i.embedder.EclipseLogger - Using 'UTF-8' encoding to copy filtered resources.
2016-01-10 22:31:24,967 [Worker-23] INFO  o.e.m.c.i.embedder.EclipseLogger - skip non existing resourceDirectory C:\Users\JAT\Desktop\Git\MVCSwingCalculator\Calculator\src\test\resources
2016-01-10 22:38:57,061 [Worker-27] INFO  o.e.m.c.i.embedder.EclipseLogger - Using 'UTF-8' encoding to copy filtered resources.
2016-01-10 22:38:57,061 [Worker-27] INFO  o.e.m.c.i.embedder.EclipseLogger - skip non existing resourceDirectory C:\Users\JAT\Desktop\Git\MVCSwingCalculator\Calculator\src\main\resources
2016-01-10 22:38:57,061 [Worker-27] INFO  o.e.m.c.i.embedder.EclipseLogger - Using 'UTF-8' encoding to copy filtered resources.
2016-01-10 22:38:57,061 [Worker-27] INFO  o.e.m.c.i.embedder.EclipseLogger - skip non existing resourceDirectory C:\Users\JAT\Desktop\Git\MVCSwingCalculator\Calculator\src\test\resources
2016-01-10 22:40:29,334 [Worker-31] INFO  o.e.m.c.i.embedder.EclipseLogger - Using 'UTF-8' encoding to copy filtered resources.
2016-01-10 22:40:29,334 [Worker-31] INFO  o.e.m.c.i.embedder.EclipseLogger - skip non existing resourceDirectory C:\Users\JAT\Desktop\Git\MVCSwingCalculator\Calculator\src\main\resources
2016-01-10 22:40:29,334 [Worker-31] INFO  o.e.m.c.i.embedder.EclipseLogger - Using 'UTF-8' encoding to copy filtered resources.
2016-01-10 22:40:29,334 [Worker-31] INFO  o.e.m.c.i.embedder.EclipseLogger - skip non existing resourceDirectory C:\Users\JAT\Desktop\Git\MVCSwingCalculator\Calculator\src\test\resources
2016-01-10 22:41:35,207 [Worker-27] INFO  o.e.m.c.i.embedder.EclipseLogger - Using 'UTF-8' encoding to copy filtered resources.
2016-01-10 22:41:35,207 [Worker-27] INFO  o.e.m.c.i.embedder.EclipseLogger - skip non existing resourceDirectory C:\Users\JAT\Desktop\Git\MVCSwingCalculator\Calculator\src\main\resources
2016-01-10 22:41:35,207 [Worker-27] INFO  o.e.m.c.i.embedder.EclipseLogger - Using 'UTF-8' encoding to copy filtered resources.
2016-01-10 22:41:35,207 [Worker-27] INFO  o.e.m.c.i.embedder.EclipseLogger - skip non existing resourceDirectory C:\Users\JAT\Desktop\Git\MVCSwingCalculator\Calculator\src\test\resources
2016-01-10 22:41:48,151 [Worker-25] INFO  o.e.m.c.i.embedder.EclipseLogger - Using 'UTF-8' encoding to copy filtered resources.
2016-01-10 22:41:48,151 [Worker-25] INFO  o.e.m.c.i.embedder.EclipseLogger - skip non existing resourceDirectory C:\Users\JAT\Desktop\Git\MVCSwingCalculator\Calculator\src\main\resources
2016-01-10 22:41:48,151 [Worker-25] INFO  o.e.m.c.i.embedder.EclipseLogger - Using 'UTF-8' encoding to copy filtered resources.
2016-01-10 22:41:48,151 [Worker-25] INFO  o.e.m.c.i.embedder.EclipseLogger - skip non existing resourceDirectory C:\Users\JAT\Desktop\Git\MVCSwingCalculator\Calculator\src\test\resources
2016-01-10 22:42:12,940 [Worker-27] INFO  o.e.m.c.i.embedder.EclipseLogger - Using 'UTF-8' encoding to copy filtered resources.
2016-01-10 22:42:12,940 [Worker-27] INFO  o.e.m.c.i.embedder.EclipseLogger - skip non existing resourceDirectory C:\Users\JAT\Desktop\Git\MVCSwingCalculator\Calculator\src\main\resources
2016-01-10 22:42:12,940 [Worker-27] INFO  o.e.m.c.i.embedder.EclipseLogger - Using 'UTF-8' encoding to copy filtered resources.
2016-01-10 22:42:12,940 [Worker-27] INFO  o.e.m.c.i.embedder.EclipseLogger - skip non existing resourceDirectory C:\Users\JAT\Desktop\Git\MVCSwingCalculator\Calculator\src\test\resources
2016-01-10 22:42:28,062 [Worker-33] INFO  o.e.m.c.i.embedder.EclipseLogger - Using 'UTF-8' encoding to copy filtered resources.
2016-01-10 22:42:28,062 [Worker-33] INFO  o.e.m.c.i.embedder.EclipseLogger - skip non existing resourceDirectory C:\Users\JAT\Desktop\Git\MVCSwingCalculator\Calculator\src\main\resources
2016-01-10 22:42:28,078 [Worker-33] INFO  o.e.m.c.i.embedder.EclipseLogger - Using 'UTF-8' encoding to copy filtered resources.
2016-01-10 22:42:28,078 [Worker-33] INFO  o.e.m.c.i.embedder.EclipseLogger - skip non existing resourceDirectory C:\Users\JAT\Desktop\Git\MVCSwingCalculator\Calculator\src\test\resources
2016-01-10 22:44:33,317 [Worker-27] INFO  o.e.m.c.i.embedder.EclipseLogger - Using 'UTF-8' encoding to copy filtered resources.
2016-01-10 22:44:33,317 [Worker-27] INFO  o.e.m.c.i.embedder.EclipseLogger - skip non existing resourceDirectory C:\Users\JAT\Desktop\Git\MVCSwingCalculator\Calculator\src\main\resources
2016-01-10 22:44:33,317 [Worker-27] INFO  o.e.m.c.i.embedder.EclipseLogger - Using 'UTF-8' encoding to copy filtered resources.
2016-01-10 22:44:33,317 [Worker-27] INFO  o.e.m.c.i.embedder.EclipseLogger - skip non existing resourceDirectory C:\Users\JAT\Desktop\Git\MVCSwingCalculator\Calculator\src\test\resources
2016-01-10 22:44:51,418 [Worker-33] INFO  o.e.m.c.i.embedder.EclipseLogger - Using 'UTF-8' encoding to copy filtered resources.
2016-01-10 22:44:51,418 [Worker-33] INFO  o.e.m.c.i.embedder.EclipseLogger - skip non existing resourceDirectory C:\Users\JAT\Desktop\Git\MVCSwingCalculator\Calculator\src\main\resources
2016-01-10 22:44:51,418 [Worker-33] INFO  o.e.m.c.i.embedder.EclipseLogger - Using 'UTF-8' encoding to copy filtered resources.
2016-01-10 22:44:51,418 [Worker-33] INFO  o.e.m.c.i.embedder.EclipseLogger - skip non existing resourceDirectory C:\Users\JAT\Desktop\Git\MVCSwingCalculator\Calculator\src\test\resources
2016-01-10 23:45:35,827 [Worker-55] INFO  o.e.m.c.i.embedder.EclipseLogger - Using 'UTF-8' encoding to copy filtered resources.
2016-01-10 23:45:35,827 [Worker-55] INFO  o.e.m.c.i.embedder.EclipseLogger - skip non existing resourceDirectory C:\Users\JAT\Desktop\Git\MVCSwingCalculator\Calculator\src\main\resources
2016-01-10 23:45:35,827 [Worker-55] INFO  o.e.m.c.i.embedder.EclipseLogger - Using 'UTF-8' encoding to copy filtered resources.
2016-01-10 23:45:35,827 [Worker-55] INFO  o.e.m.c.i.embedder.EclipseLogger - skip non existing resourceDirectory C:\Users\JAT\Desktop\Git\MVCSwingCalculator\Calculator\src\test\resources
2016-01-10 23:47:33,855 [Worker-46] INFO  o.e.m.c.i.embedder.EclipseLogger - Using 'UTF-8' encoding to copy filtered resources.
2016-01-10 23:47:33,865 [Worker-46] INFO  o.e.m.c.i.embedder.EclipseLogger - skip non existing resourceDirectory C:\Users\JAT\Desktop\Git\MVCSwingCalculator\Calculator\src\main\resources
2016-01-10 23:47:33,865 [Worker-46] INFO  o.e.m.c.i.embedder.EclipseLogger - Using 'UTF-8' encoding to copy filtered resources.
2016-01-10 23:47:33,865 [Worker-46] INFO  o.e.m.c.i.embedder.EclipseLogger - skip non existing resourceDirectory C:\Users\JAT\Desktop\Git\MVCSwingCalculator\Calculator\src\test\resources
2016-01-10 23:47:44,333 [Worker-49] INFO  o.e.m.c.i.embedder.EclipseLogger - Using 'UTF-8' encoding to copy filtered resources.
2016-01-10 23:47:44,333 [Worker-49] INFO  o.e.m.c.i.embedder.EclipseLogger - skip non existing resourceDirectory C:\Users\JAT\Desktop\Git\MVCSwingCalculator\Calculator\src\main\resources
2016-01-10 23:47:44,333 [Worker-49] INFO  o.e.m.c.i.embedder.EclipseLogger - Using 'UTF-8' encoding to copy filtered resources.
2016-01-10 23:47:44,333 [Worker-49] INFO  o.e.m.c.i.embedder.EclipseLogger - skip non existing resourceDirectory C:\Users\JAT\Desktop\Git\MVCSwingCalculator\Calculator\src\test\resources
2016-01-10 23:48:58,772 [Worker-51] INFO  o.e.m.c.i.embedder.EclipseLogger - Using 'UTF-8' encoding to copy filtered resources.
2016-01-10 23:48:58,772 [Worker-51] INFO  o.e.m.c.i.embedder.EclipseLogger - skip non existing resourceDirectory C:\Users\JAT\Desktop\Git\MVCSwingCalculator\Calculator\src\main\resources
2016-01-10 23:48:58,772 [Worker-51] INFO  o.e.m.c.i.embedder.EclipseLogger - Using 'UTF-8' encoding to copy filtered resources.
2016-01-10 23:48:58,772 [Worker-51] INFO  o.e.m.c.i.embedder.EclipseLogger - skip non existing resourceDirectory C:\Users\JAT\Desktop\Git\MVCSwingCalculator\Calculator\src\test\resources
2016-01-10 23:53:14,080 [Worker-53] INFO  o.e.m.c.i.l.LifecycleMappingFactory - Using org.eclipse.m2e.jdt.JarLifecycleMapping lifecycle mapping for MavenProject: MVC:Calculator:0.0.1-SNAPSHOT @ C:\Users\JAT\Desktop\Git\MVCSwingCalculator\Calculator\pom.xml.
2016-01-10 23:53:14,221 [Worker-53] INFO  o.e.m.c.i.embedder.EclipseLogger - Using 'UTF-8' encoding to copy filtered resources.
2016-01-10 23:53:14,221 [Worker-53] INFO  o.e.m.c.i.embedder.EclipseLogger - skip non existing resourceDirectory C:\Users\JAT\Desktop\Git\MVCSwingCalculator\Calculator\src\main\resources
2016-01-10 23:53:14,236 [Worker-53] INFO  o.e.m.c.i.embedder.EclipseLogger - Using 'UTF-8' encoding to copy filtered resources.
2016-01-10 23:53:14,236 [Worker-53] INFO  o.e.m.c.i.embedder.EclipseLogger - skip non existing resourceDirectory C:\Users\JAT\Desktop\Git\MVCSwingCalculator\Calculator\src\test\resources
2016-01-11 00:03:37,297 [Worker-53] INFO  o.e.m.c.i.embedder.EclipseLogger - Using 'UTF-8' encoding to copy filtered resources.
2016-01-11 00:03:37,297 [Worker-53] INFO  o.e.m.c.i.embedder.EclipseLogger - skip non existing resourceDirectory C:\Users\JAT\Desktop\Git\MVCSwingCalculator\Calculator\src\main\resources
2016-01-11 00:03:37,297 [Worker-53] INFO  o.e.m.c.i.embedder.EclipseLogger - Using 'UTF-8' encoding to copy filtered resources.
2016-01-11 00:03:37,297 [Worker-53] INFO  o.e.m.c.i.embedder.EclipseLogger - skip non existing resourceDirectory C:\Users\JAT\Desktop\Git\MVCSwingCalculator\Calculator\src\test\resources
2016-01-11 00:12:16,445 [Worker-58] INFO  o.e.m.c.i.embedder.EclipseLogger - Using 'UTF-8' encoding to copy filtered resources.
2016-01-11 00:12:16,445 [Worker-58] INFO  o.e.m.c.i.embedder.EclipseLogger - skip non existing resourceDirectory C:\Users\JAT\Desktop\Git\MVCSwingCalculator\Calculator\src\main\resources
2016-01-11 00:12:16,445 [Worker-58] INFO  o.e.m.c.i.embedder.EclipseLogger - Using 'UTF-8' encoding to copy filtered resources.
2016-01-11 00:12:16,445 [Worker-58] INFO  o.e.m.c.i.embedder.EclipseLogger - skip non existing resourceDirectory C:\Users\JAT\Desktop\Git\MVCSwingCalculator\Calculator\src\test\resources
2016-01-11 00:13:08,747 [Worker-53] INFO  o.e.m.c.i.embedder.EclipseLogger - Using 'UTF-8' encoding to copy filtered resources.
2016-01-11 00:13:08,747 [Worker-53] INFO  o.e.m.c.i.embedder.EclipseLogger - skip non existing resourceDirectory C:\Users\JAT\Desktop\Git\MVCSwingCalculator\Calculator\src\main\resources
2016-01-11 00:13:08,747 [Worker-53] INFO  o.e.m.c.i.embedder.EclipseLogger - Using 'UTF-8' encoding to copy filtered resources.
2016-01-11 00:13:08,747 [Worker-53] INFO  o.e.m.c.i.embedder.EclipseLogger - skip non existing resourceDirectory C:\Users\JAT\Desktop\Git\MVCSwingCalculator\Calculator\src\test\resources
2016-01-11 00:14:11,801 [Worker-53] INFO  o.e.m.c.i.embedder.EclipseLogger - Using 'UTF-8' encoding to copy filtered resources.
2016-01-11 00:14:11,801 [Worker-53] INFO  o.e.m.c.i.embedder.EclipseLogger - skip non existing resourceDirectory C:\Users\JAT\Desktop\Git\MVCSwingCalculator\Calculator\src\main\resources
2016-01-11 00:14:11,801 [Worker-53] INFO  o.e.m.c.i.embedder.EclipseLogger - Using 'UTF-8' encoding to copy filtered resources.
2016-01-11 00:14:11,801 [Worker-53] INFO  o.e.m.c.i.embedder.EclipseLogger - skip non existing resourceDirectory C:\Users\JAT\Desktop\Git\MVCSwingCalculator\Calculator\src\test\resources
2016-01-11 00:14:59,967 [Worker-60] INFO  o.e.m.c.i.embedder.EclipseLogger - Using 'UTF-8' encoding to copy filtered resources.
2016-01-11 00:14:59,967 [Worker-60] INFO  o.e.m.c.i.embedder.EclipseLogger - skip non existing resourceDirectory C:\Users\JAT\Desktop\Git\MVCSwingCalculator\Calculator\src\main\resources
2016-01-11 00:14:59,967 [Worker-60] INFO  o.e.m.c.i.embedder.EclipseLogger - Using 'UTF-8' encoding to copy filtered resources.
2016-01-11 00:14:59,967 [Worker-60] INFO  o.e.m.c.i.embedder.EclipseLogger - skip non existing resourceDirectory C:\Users\JAT\Desktop\Git\MVCSwingCalculator\Calculator\src\test\resources
2016-01-11 00:15:20,673 [Worker-61] INFO  o.e.m.c.i.embedder.EclipseLogger - Using 'UTF-8' encoding to copy filtered resources.
2016-01-11 00:15:20,688 [Worker-61] INFO  o.e.m.c.i.embedder.EclipseLogger - skip non existing resourceDirectory C:\Users\JAT\Desktop\Git\MVCSwingCalculator\Calculator\src\main\resources
2016-01-11 00:15:20,688 [Worker-61] INFO  o.e.m.c.i.embedder.EclipseLogger - Using 'UTF-8' encoding to copy filtered resources.
2016-01-11 00:15:20,688 [Worker-61] INFO  o.e.m.c.i.embedder.EclipseLogger - skip non existing resourceDirectory C:\Users\JAT\Desktop\Git\MVCSwingCalculator\Calculator\src\test\resources
2016-01-11 00:16:21,701 [Worker-62] INFO  o.e.m.c.i.embedder.EclipseLogger - Using 'UTF-8' encoding to copy filtered resources.
2016-01-11 00:16:21,701 [Worker-62] INFO  o.e.m.c.i.embedder.EclipseLogger - skip non existing resourceDirectory C:\Users\JAT\Desktop\Git\MVCSwingCalculator\Calculator\src\main\resources
2016-01-11 00:16:21,701 [Worker-62] INFO  o.e.m.c.i.embedder.EclipseLogger - Using 'UTF-8' encoding to copy filtered resources.
2016-01-11 00:16:21,701 [Worker-62] INFO  o.e.m.c.i.embedder.EclipseLogger - skip non existing resourceDirectory C:\Users\JAT\Desktop\Git\MVCSwingCalculator\Calculator\src\test\resources
2016-01-11 00:16:37,965 [Worker-64] INFO  o.e.m.c.i.embedder.EclipseLogger - Using 'UTF-8' encoding to copy filtered resources.
2016-01-11 00:16:37,965 [Worker-64] INFO  o.e.m.c.i.embedder.EclipseLogger - skip non existing resourceDirectory C:\Users\JAT\Desktop\Git\MVCSwingCalculator\Calculator\src\main\resources
2016-01-11 00:16:37,965 [Worker-64] INFO  o.e.m.c.i.embedder.EclipseLogger - Using 'UTF-8' encoding to copy filtered resources.
2016-01-11 00:16:37,965 [Worker-64] INFO  o.e.m.c.i.embedder.EclipseLogger - skip non existing resourceDirectory C:\Users\JAT\Desktop\Git\MVCSwingCalculator\Calculator\src\test\resources
2016-01-11 00:16:48,655 [Worker-64] INFO  o.e.m.c.i.embedder.EclipseLogger - Using 'UTF-8' encoding to copy filtered resources.
2016-01-11 00:16:48,655 [Worker-64] INFO  o.e.m.c.i.embedder.EclipseLogger - skip non existing resourceDirectory C:\Users\JAT\Desktop\Git\MVCSwingCalculator\Calculator\src\main\resources
2016-01-11 00:16:48,655 [Worker-64] INFO  o.e.m.c.i.embedder.EclipseLogger - Using 'UTF-8' encoding to copy filtered resources.
2016-01-11 00:16:48,655 [Worker-64] INFO  o.e.m.c.i.embedder.EclipseLogger - skip non existing resourceDirectory C:\Users\JAT\Desktop\Git\MVCSwingCalculator\Calculator\src\test\resources
2016-01-11 00:24:01,266 [Worker-68] INFO  o.e.m.c.i.embedder.EclipseLogger - Using 'UTF-8' encoding to copy filtered resources.
2016-01-11 00:24:01,282 [Worker-68] INFO  o.e.m.c.i.embedder.EclipseLogger - skip non existing resourceDirectory C:\Users\JAT\Desktop\Git\MVCSwingCalculator\Calculator\src\main\resources
2016-01-11 00:24:01,282 [Worker-68] INFO  o.e.m.c.i.embedder.EclipseLogger - Using 'UTF-8' encoding to copy filtered resources.
2016-01-11 00:24:01,282 [Worker-68] INFO  o.e.m.c.i.embedder.EclipseLogger - skip non existing resourceDirectory C:\Users\JAT\Desktop\Git\MVCSwingCalculator\Calculator\src\test\resources
2016-01-11 00:24:42,821 [Worker-67] INFO  o.e.m.c.i.embedder.EclipseLogger - Using 'UTF-8' encoding to copy filtered resources.
2016-01-11 00:24:42,821 [Worker-67] INFO  o.e.m.c.i.embedder.EclipseLogger - skip non existing resourceDirectory C:\Users\JAT\Desktop\Git\MVCSwingCalculator\Calculator\src\main\resources
2016-01-11 00:24:42,837 [Worker-67] INFO  o.e.m.c.i.embedder.EclipseLogger - Using 'UTF-8' encoding to copy filtered resources.
2016-01-11 00:24:42,837 [Worker-67] INFO  o.e.m.c.i.embedder.EclipseLogger - skip non existing resourceDirectory C:\Users\JAT\Desktop\Git\MVCSwingCalculator\Calculator\src\test\resources
2016-01-11 00:26:47,669 [Worker-71] INFO  o.e.m.c.i.embedder.EclipseLogger - Using 'UTF-8' encoding to copy filtered resources.
2016-01-11 00:26:47,670 [Worker-71] INFO  o.e.m.c.i.embedder.EclipseLogger - skip non existing resourceDirectory C:\Users\JAT\Desktop\Git\MVCSwingCalculator\Calculator\src\main\resources
2016-01-11 00:26:47,672 [Worker-71] INFO  o.e.m.c.i.embedder.EclipseLogger - Using 'UTF-8' encoding to copy filtered resources.
2016-01-11 00:26:47,673 [Worker-71] INFO  o.e.m.c.i.embedder.EclipseLogger - skip non existing resourceDirectory C:\Users\JAT\Desktop\Git\MVCSwingCalculator\Calculator\src\test\resources
2016-01-11 00:27:48,265 [Worker-71] INFO  o.e.m.c.i.embedder.EclipseLogger - Using 'UTF-8' encoding to copy filtered resources.
2016-01-11 00:27:48,265 [Worker-71] INFO  o.e.m.c.i.embedder.EclipseLogger - skip non existing resourceDirectory C:\Users\JAT\Desktop\Git\MVCSwingCalculator\Calculator\src\main\resources
2016-01-11 00:27:48,265 [Worker-71] INFO  o.e.m.c.i.embedder.EclipseLogger - Using 'UTF-8' encoding to copy filtered resources.
2016-01-11 00:27:48,265 [Worker-71] INFO  o.e.m.c.i.embedder.EclipseLogger - skip non existing resourceDirectory C:\Users\JAT\Desktop\Git\MVCSwingCalculator\Calculator\src\test\resources
2016-01-11 00:29:36,171 [Worker-71] INFO  o.e.m.c.i.embedder.EclipseLogger - Using 'UTF-8' encoding to copy filtered resources.
2016-01-11 00:29:36,171 [Worker-71] INFO  o.e.m.c.i.embedder.EclipseLogger - skip non existing resourceDirectory C:\Users\JAT\Desktop\Git\MVCSwingCalculator\Calculator\src\main\resources
2016-01-11 00:29:36,171 [Worker-71] INFO  o.e.m.c.i.embedder.EclipseLogger - Using 'UTF-8' encoding to copy filtered resources.
2016-01-11 00:29:36,171 [Worker-71] INFO  o.e.m.c.i.embedder.EclipseLogger - skip non existing resourceDirectory C:\Users\JAT\Desktop\Git\MVCSwingCalculator\Calculator\src\test\resources
2016-01-11 00:31:17,086 [Worker-69] INFO  o.e.m.c.i.embedder.EclipseLogger - Using 'UTF-8' encoding to copy filtered resources.
2016-01-11 00:31:17,086 [Worker-69] INFO  o.e.m.c.i.embedder.EclipseLogger - skip non existing resourceDirectory C:\Users\JAT\Desktop\Git\MVCSwingCalculator\Calculator\src\main\resources
2016-01-11 00:31:17,086 [Worker-69] INFO  o.e.m.c.i.embedder.EclipseLogger - Using 'UTF-8' encoding to copy filtered resources.
2016-01-11 00:31:17,086 [Worker-69] INFO  o.e.m.c.i.embedder.EclipseLogger - skip non existing resourceDirectory C:\Users\JAT\Desktop\Git\MVCSwingCalculator\Calculator\src\test\resources
2016-01-11 00:32:05,994 [Worker-73] INFO  o.e.m.c.i.embedder.EclipseLogger - Using 'UTF-8' encoding to copy filtered resources.
2016-01-11 00:32:06,010 [Worker-73] INFO  o.e.m.c.i.embedder.EclipseLogger - skip non existing resourceDirectory C:\Users\JAT\Desktop\Git\MVCSwingCalculator\Calculator\src\main\resources
2016-01-11 00:32:06,010 [Worker-73] INFO  o.e.m.c.i.embedder.EclipseLogger - Using 'UTF-8' encoding to copy filtered resources.
2016-01-11 00:32:06,010 [Worker-73] INFO  o.e.m.c.i.embedder.EclipseLogger - skip non existing resourceDirectory C:\Users\JAT\Desktop\Git\MVCSwingCalculator\Calculator\src\test\resources
2016-01-11 00:34:11,005 [Worker-71] INFO  o.e.m.c.i.embedder.EclipseLogger - Using 'UTF-8' encoding to copy filtered resources.
2016-01-11 00:34:11,005 [Worker-71] INFO  o.e.m.c.i.embedder.EclipseLogger - skip non existing resourceDirectory C:\Users\JAT\Desktop\Git\MVCSwingCalculator\Calculator\src\main\resources
2016-01-11 00:34:11,020 [Worker-71] INFO  o.e.m.c.i.embedder.EclipseLogger - Using 'UTF-8' encoding to copy filtered resources.
2016-01-11 00:34:11,020 [Worker-71] INFO  o.e.m.c.i.embedder.EclipseLogger - skip non existing resourceDirectory C:\Users\JAT\Desktop\Git\MVCSwingCalculator\Calculator\src\test\resources
2016-01-11 00:36:32,162 [Worker-77] INFO  o.e.m.c.i.embedder.EclipseLogger - Using 'UTF-8' encoding to copy filtered resources.
2016-01-11 00:36:32,162 [Worker-77] INFO  o.e.m.c.i.embedder.EclipseLogger - skip non existing resourceDirectory C:\Users\JAT\Desktop\Git\MVCSwingCalculator\Calculator\src\main\resources
2016-01-11 00:36:32,162 [Worker-77] INFO  o.e.m.c.i.embedder.EclipseLogger - Using 'UTF-8' encoding to copy filtered resources.
2016-01-11 00:36:32,162 [Worker-77] INFO  o.e.m.c.i.embedder.EclipseLogger - skip non existing resourceDirectory C:\Users\JAT\Desktop\Git\MVCSwingCalculator\Calculator\src\test\resources
2016-01-11 00:36:48,506 [Worker-78] INFO  o.e.m.c.i.embedder.EclipseLogger - Using 'UTF-8' encoding to copy filtered resources.
2016-01-11 00:36:48,506 [Worker-78] INFO  o.e.m.c.i.embedder.EclipseLogger - skip non existing resourceDirectory C:\Users\JAT\Desktop\Git\MVCSwingCalculator\Calculator\src\main\resources
2016-01-11 00:36:48,506 [Worker-78] INFO  o.e.m.c.i.embedder.EclipseLogger - Using 'UTF-8' encoding to copy filtered resources.
2016-01-11 00:36:48,506 [Worker-78] INFO  o.e.m.c.i.embedder.EclipseLogger - skip non existing resourceDirectory C:\Users\JAT\Desktop\Git\MVCSwingCalculator\Calculator\src\test\resources
2016-01-11 00:37:57,041 [Worker-69] INFO  o.e.m.c.i.embedder.EclipseLogger - Using 'UTF-8' encoding to copy filtered resources.
2016-01-11 00:37:57,041 [Worker-69] INFO  o.e.m.c.i.embedder.EclipseLogger - skip non existing resourceDirectory C:\Users\JAT\Desktop\Git\MVCSwingCalculator\Calculator\src\main\resources
2016-01-11 00:37:57,041 [Worker-69] INFO  o.e.m.c.i.embedder.EclipseLogger - Using 'UTF-8' encoding to copy filtered resources.
2016-01-11 00:37:57,041 [Worker-69] INFO  o.e.m.c.i.embedder.EclipseLogger - skip non existing resourceDirectory C:\Users\JAT\Desktop\Git\MVCSwingCalculator\Calculator\src\test\resources
2016-01-11 00:41:03,882 [Worker-77] INFO  o.e.m.c.i.embedder.EclipseLogger - Using 'UTF-8' encoding to copy filtered resources.
2016-01-11 00:41:03,882 [Worker-77] INFO  o.e.m.c.i.embedder.EclipseLogger - skip non existing resourceDirectory C:\Users\JAT\Desktop\Git\MVCSwingCalculator\Calculator\src\main\resources
2016-01-11 00:41:03,882 [Worker-77] INFO  o.e.m.c.i.embedder.EclipseLogger - Using 'UTF-8' encoding to copy filtered resources.
2016-01-11 00:41:03,882 [Worker-77] INFO  o.e.m.c.i.embedder.EclipseLogger - skip non existing resourceDirectory C:\Users\JAT\Desktop\Git\MVCSwingCalculator\Calculator\src\test\resources
2016-01-11 00:41:41,114 [Worker-82] INFO  o.e.m.c.i.embedder.EclipseLogger - Using 'UTF-8' encoding to copy filtered resources.
2016-01-11 00:41:41,114 [Worker-82] INFO  o.e.m.c.i.embedder.EclipseLogger - skip non existing resourceDirectory C:\Users\JAT\Desktop\Git\MVCSwingCalculator\Calculator\src\main\resources
2016-01-11 00:41:41,114 [Worker-82] INFO  o.e.m.c.i.embedder.EclipseLogger - Using 'UTF-8' encoding to copy filtered resources.
2016-01-11 00:41:41,114 [Worker-82] INFO  o.e.m.c.i.embedder.EclipseLogger - skip non existing resourceDirectory C:\Users\JAT\Desktop\Git\MVCSwingCalculator\Calculator\src\test\resources
2016-01-11 13:24:40,973 [Worker-3] INFO  o.e.m.c.i.embedder.EclipseLogger - Using 'UTF-8' encoding to copy filtered resources.
2016-01-11 13:24:40,984 [Worker-3] INFO  o.e.m.c.i.embedder.EclipseLogger - skip non existing resourceDirectory C:\Users\JAT\Desktop\Git\MVCSwingCalculator\Calculator\src\main\resources
2016-01-11 13:24:40,987 [Worker-3] INFO  o.e.m.c.i.embedder.EclipseLogger - Using 'UTF-8' encoding to copy filtered resources.
2016-01-11 13:24:40,988 [Worker-3] INFO  o.e.m.c.i.embedder.EclipseLogger - skip non existing resourceDirectory C:\Users\JAT\Desktop\Git\MVCSwingCalculator\Calculator\src\test\resources
2016-01-11 13:25:10,644 [Worker-6] INFO  o.e.m.c.i.embedder.EclipseLogger - Using 'UTF-8' encoding to copy filtered resources.
2016-01-11 13:25:10,644 [Worker-6] INFO  o.e.m.c.i.embedder.EclipseLogger - skip non existing resourceDirectory C:\Users\JAT\Desktop\Git\MVCSwingCalculator\Calculator\src\main\resources
2016-01-11 13:25:10,647 [Worker-6] INFO  o.e.m.c.i.embedder.EclipseLogger - Using 'UTF-8' encoding to copy filtered resources.
2016-01-11 13:25:10,648 [Worker-6] INFO  o.e.m.c.i.embedder.EclipseLogger - skip non existing resourceDirectory C:\Users\JAT\Desktop\Git\MVCSwingCalculator\Calculator\src\test\resources
2016-01-11 13:29:26,699 [Worker-5] INFO  o.e.m.c.i.embedder.EclipseLogger - Using 'UTF-8' encoding to copy filtered resources.
2016-01-11 13:29:26,699 [Worker-5] INFO  o.e.m.c.i.embedder.EclipseLogger - skip non existing resourceDirectory C:\Users\JAT\Desktop\Git\MVCSwingCalculator\Calculator\src\main\resources
2016-01-11 13:29:26,703 [Worker-5] INFO  o.e.m.c.i.embedder.EclipseLogger - Using 'UTF-8' encoding to copy filtered resources.
2016-01-11 13:29:26,703 [Worker-5] INFO  o.e.m.c.i.embedder.EclipseLogger - skip non existing resourceDirectory C:\Users\JAT\Desktop\Git\MVCSwingCalculator\Calculator\src\test\resources
2016-01-11 13:52:21,862 [Worker-19] INFO  o.e.m.c.i.embedder.EclipseLogger - Using 'UTF-8' encoding to copy filtered resources.
2016-01-11 13:52:21,862 [Worker-19] INFO  o.e.m.c.i.embedder.EclipseLogger - skip non existing resourceDirectory C:\Users\JAT\Desktop\Git\MVCSwingCalculator\Calculator\src\main\resources
2016-01-11 13:52:21,878 [Worker-19] INFO  o.e.m.c.i.embedder.EclipseLogger - Using 'UTF-8' encoding to copy filtered resources.
2016-01-11 13:52:21,878 [Worker-19] INFO  o.e.m.c.i.embedder.EclipseLogger - skip non existing resourceDirectory C:\Users\JAT\Desktop\Git\MVCSwingCalculator\Calculator\src\test\resources
2016-01-11 13:56:21,620 [Worker-22] INFO  o.e.m.c.i.embedder.EclipseLogger - Using 'UTF-8' encoding to copy filtered resources.
2016-01-11 13:56:21,620 [Worker-22] INFO  o.e.m.c.i.embedder.EclipseLogger - skip non existing resourceDirectory C:\Users\JAT\Desktop\Git\MVCSwingCalculator\Calculator\src\main\resources
2016-01-11 13:56:21,635 [Worker-22] INFO  o.e.m.c.i.embedder.EclipseLogger - Using 'UTF-8' encoding to copy filtered resources.
2016-01-11 13:56:21,635 [Worker-22] INFO  o.e.m.c.i.embedder.EclipseLogger - skip non existing resourceDirectory C:\Users\JAT\Desktop\Git\MVCSwingCalculator\Calculator\src\test\resources
2016-01-11 14:38:38,374 [Worker-30] INFO  o.e.m.c.i.embedder.EclipseLogger - Using 'UTF-8' encoding to copy filtered resources.
2016-01-11 14:38:38,374 [Worker-30] INFO  o.e.m.c.i.embedder.EclipseLogger - skip non existing resourceDirectory C:\Users\JAT\Desktop\Git\MVCSwingCalculator\Calculator\src\main\resources
2016-01-11 14:38:38,389 [Worker-30] INFO  o.e.m.c.i.embedder.EclipseLogger - Using 'UTF-8' encoding to copy filtered resources.
2016-01-11 14:38:38,389 [Worker-30] INFO  o.e.m.c.i.embedder.EclipseLogger - skip non existing resourceDirectory C:\Users\JAT\Desktop\Git\MVCSwingCalculator\Calculator\src\test\resources
2016-01-11 14:48:27,503 [Worker-33] INFO  o.e.m.c.i.embedder.EclipseLogger - Using 'UTF-8' encoding to copy filtered resources.
2016-01-11 14:48:27,503 [Worker-33] INFO  o.e.m.c.i.embedder.EclipseLogger - skip non existing resourceDirectory C:\Users\JAT\Desktop\Git\MVCSwingCalculator\Calculator\src\main\resources
2016-01-11 14:48:27,503 [Worker-33] INFO  o.e.m.c.i.embedder.EclipseLogger - Using 'UTF-8' encoding to copy filtered resources.
2016-01-11 14:48:27,518 [Worker-33] INFO  o.e.m.c.i.embedder.EclipseLogger - skip non existing resourceDirectory C:\Users\JAT\Desktop\Git\MVCSwingCalculator\Calculator\src\test\resources
2016-01-11 14:49:29,508 [Worker-37] INFO  o.e.m.c.i.embedder.EclipseLogger - Using 'UTF-8' encoding to copy filtered resources.
2016-01-11 14:49:29,508 [Worker-37] INFO  o.e.m.c.i.embedder.EclipseLogger - skip non existing resourceDirectory C:\Users\JAT\Desktop\Git\MVCSwingCalculator\Calculator\src\main\resources
2016-01-11 14:49:29,523 [Worker-37] INFO  o.e.m.c.i.embedder.EclipseLogger - Using 'UTF-8' encoding to copy filtered resources.
2016-01-11 14:49:29,523 [Worker-37] INFO  o.e.m.c.i.embedder.EclipseLogger - skip non existing resourceDirectory C:\Users\JAT\Desktop\Git\MVCSwingCalculator\Calculator\src\test\resources
2016-01-11 14:51:02,900 [Worker-38] INFO  o.e.m.c.i.embedder.EclipseLogger - Using 'UTF-8' encoding to copy filtered resources.
2016-01-11 14:51:02,900 [Worker-38] INFO  o.e.m.c.i.embedder.EclipseLogger - skip non existing resourceDirectory C:\Users\JAT\Desktop\Git\MVCSwingCalculator\Calculator\src\main\resources
2016-01-11 14:51:02,900 [Worker-38] INFO  o.e.m.c.i.embedder.EclipseLogger - Using 'UTF-8' encoding to copy filtered resources.
2016-01-11 14:51:02,900 [Worker-38] INFO  o.e.m.c.i.embedder.EclipseLogger - skip non existing resourceDirectory C:\Users\JAT\Desktop\Git\MVCSwingCalculator\Calculator\src\test\resources
2016-01-11 14:51:14,776 [Worker-35] INFO  o.e.m.c.i.embedder.EclipseLogger - Using 'UTF-8' encoding to copy filtered resources.
2016-01-11 14:51:14,776 [Worker-35] INFO  o.e.m.c.i.embedder.EclipseLogger - skip non existing resourceDirectory C:\Users\JAT\Desktop\Git\MVCSwingCalculator\Calculator\src\main\resources
2016-01-11 14:51:14,776 [Worker-35] INFO  o.e.m.c.i.embedder.EclipseLogger - Using 'UTF-8' encoding to copy filtered resources.
2016-01-11 14:51:14,776 [Worker-35] INFO  o.e.m.c.i.embedder.EclipseLogger - skip non existing resourceDirectory C:\Users\JAT\Desktop\Git\MVCSwingCalculator\Calculator\src\test\resources
2016-01-11 14:55:01,956 [Worker-33] INFO  o.e.m.c.i.embedder.EclipseLogger - Using 'UTF-8' encoding to copy filtered resources.
2016-01-11 14:55:01,956 [Worker-33] INFO  o.e.m.c.i.embedder.EclipseLogger - skip non existing resourceDirectory C:\Users\JAT\Desktop\Git\MVCSwingCalculator\Calculator\src\main\resources
2016-01-11 14:55:01,956 [Worker-33] INFO  o.e.m.c.i.embedder.EclipseLogger - Using 'UTF-8' encoding to copy filtered resources.
2016-01-11 14:55:01,956 [Worker-33] INFO  o.e.m.c.i.embedder.EclipseLogger - skip non existing resourceDirectory C:\Users\JAT\Desktop\Git\MVCSwingCalculator\Calculator\src\test\resources
2016-01-11 14:55:57,333 [Worker-36] INFO  o.e.m.c.i.embedder.EclipseLogger - Using 'UTF-8' encoding to copy filtered resources.
2016-01-11 14:55:57,333 [Worker-36] INFO  o.e.m.c.i.embedder.EclipseLogger - skip non existing resourceDirectory C:\Users\JAT\Desktop\Git\MVCSwingCalculator\Calculator\src\main\resources
2016-01-11 14:55:57,349 [Worker-36] INFO  o.e.m.c.i.embedder.EclipseLogger - Using 'UTF-8' encoding to copy filtered resources.
2016-01-11 14:55:57,349 [Worker-36] INFO  o.e.m.c.i.embedder.EclipseLogger - skip non existing resourceDirectory C:\Users\JAT\Desktop\Git\MVCSwingCalculator\Calculator\src\test\resources
2016-01-11 14:56:51,572 [Worker-36] INFO  o.e.m.c.i.embedder.EclipseLogger - Using 'UTF-8' encoding to copy filtered resources.
2016-01-11 14:56:51,572 [Worker-36] INFO  o.e.m.c.i.embedder.EclipseLogger - skip non existing resourceDirectory C:\Users\JAT\Desktop\Git\MVCSwingCalculator\Calculator\src\main\resources
2016-01-11 14:56:51,572 [Worker-36] INFO  o.e.m.c.i.embedder.EclipseLogger - Using 'UTF-8' encoding to copy filtered resources.
2016-01-11 14:56:51,572 [Worker-36] INFO  o.e.m.c.i.embedder.EclipseLogger - skip non existing resourceDirectory C:\Users\JAT\Desktop\Git\MVCSwingCalculator\Calculator\src\test\resources
